{"email":"bagusmuhammadfajar27@gmail.com","level":"info","message":"Permintaan reset password diterima","timestamp":"2025-05-21T12:51:09.850Z"}
{"email":"bagusmuhammadfajar27@gmail.com","level":"info","message":"Token reset password dibuat","resetToken":"ee8b5ff634f04d8bdf145531f8d97439d42a70bd","timestamp":"2025-05-21T12:51:10.070Z"}
{"email":"bagusmuhammadfajar27@gmail.com","error":"Invalid login: 535 5.7.8 Authentication failed","level":"error","message":"Gagal mengirim email reset password","timestamp":"2025-05-21T12:51:11.316Z"}
{"email":"bagusmuhammadfajar27@gmail.com","level":"info","message":"Permintaan reset password diterima","timestamp":"2025-05-21T12:53:30.635Z"}
{"email":"bagusmuhammadfajar27@gmail.com","level":"info","message":"Token reset password dibuat","resetToken":"d017bacd7023ab4f27445a3f6f66d617c99282cf","timestamp":"2025-05-21T12:53:30.999Z"}
{"email":"bagusmuhammadfajar27@gmail.com","error":"Invalid login: 535 5.7.8 Authentication failed","level":"error","message":"Gagal mengirim email reset password","timestamp":"2025-05-21T12:53:32.201Z"}
{"email":"bagusmuhammadfajar27@gmail.com","level":"info","message":"Permintaan reset password diterima","timestamp":"2025-05-21T12:55:29.596Z"}
{"email":"bagusmuhammadfajar27@gmail.com","level":"info","message":"Token reset password dibuat","resetToken":"b05be1dd4c0897363c41c99c34a39238fdcb6648","timestamp":"2025-05-21T12:55:31.531Z"}
{"email":"bagusmuhammadfajar27@gmail.com","error":"Invalid login: 535 5.7.8 Authentication failed","level":"error","message":"Gagal mengirim email reset password","timestamp":"2025-05-21T12:55:32.452Z"}
{"email":"bagusmuhammadfajar27@gmail.com","level":"info","message":"Permintaan reset password diterima","timestamp":"2025-05-21T12:56:19.977Z"}
{"email":"bagusmuhammadfajar27@gmail.com","level":"info","message":"Token reset password dibuat","resetToken":"b1b61dbbbc2b6e9a26d65eb78be8479996e8035d","timestamp":"2025-05-21T12:56:20.158Z"}
{"email":"bagusmuhammadfajar27@gmail.com","error":"Invalid login: 535 5.7.8 Authentication failed","level":"error","message":"Gagal mengirim email reset password","timestamp":"2025-05-21T12:56:21.048Z"}
{"email":"bagusmuhammadfajar27@gmail.com","level":"info","message":"Permintaan reset password diterima","timestamp":"2025-05-21T12:56:32.899Z"}
{"email":"bagusmuhammadfajar27@gmail.com","level":"info","message":"Token reset password dibuat","resetToken":"54a5721d01e33e9c6b7b7b1686531545641dcb0e","timestamp":"2025-05-21T12:56:33.011Z"}
{"email":"bagusmuhammadfajar27@gmail.com","error":"Invalid login: 535 5.7.8 Authentication failed","level":"error","message":"Gagal mengirim email reset password","timestamp":"2025-05-21T12:56:34.057Z"}
{"email":"bagusmuhammadfajar27@gmail.com","level":"info","message":"Permintaan reset password diterima","timestamp":"2025-05-21T12:58:12.835Z"}
{"email":"bagusmuhammadfajar27@gmail.com","level":"info","message":"Token reset password dibuat","resetToken":"2e2a358e3cd13cfd2cd318fa5093fcb093749d9a","timestamp":"2025-05-21T12:58:14.343Z"}
{"email":"bagusmuhammadfajar27@gmail.com","error":"Invalid login: 535 5.7.8 Authentication failed","level":"error","message":"Gagal mengirim email reset password","timestamp":"2025-05-21T12:58:15.200Z"}
{"email":"bagusmuhammadfajar27@gmail.com","level":"info","message":"Permintaan reset password diterima","timestamp":"2025-05-21T13:12:05.880Z"}
{"email":"bagusmuhammadfajar27@gmail.com","level":"info","message":"Token reset password dibuat","resetToken":"c14f96bb2baec98931e99a84f82ca44bc5eb1e72","timestamp":"2025-05-21T13:12:05.975Z"}
{"email":"bagusmuhammadfajar27@gmail.com","level":"info","message":"Email reset password berhasil dikirim","resetUrl":"undefined/reset-password/c14f96bb2baec98931e99a84f82ca44bc5eb1e72","timestamp":"2025-05-21T13:12:08.696Z"}
{"email":"bagusmuhammadfajar27@gmail.com","level":"info","message":"Permintaan reset password diterima","timestamp":"2025-05-21T13:14:42.177Z"}
{"email":"bagusmuhammadfajar27@gmail.com","level":"info","message":"Token reset password dibuat","resetToken":"d91f79347ece9bbf012d359119e3e4736812077d","timestamp":"2025-05-21T13:14:42.294Z"}
{"email":"bagusmuhammadfajar27@gmail.com","level":"info","message":"Email reset password berhasil dikirim","resetUrl":"http://localhost:3000/reset-password/d91f79347ece9bbf012d359119e3e4736812077d","timestamp":"2025-05-21T13:14:44.778Z"}
{"email":"bagusmuhammadfajar27@gmail.com","level":"info","message":"Permintaan reset password diterima","timestamp":"2025-05-21T13:21:34.599Z"}
{"email":"bagusmuhammadfajar27@gmail.com","level":"info","message":"Token reset password dibuat","resetToken":"6c512e0f5feddfc8f29f85f90c9af374a15aeeea","timestamp":"2025-05-21T13:21:34.687Z"}
{"email":"bagusmuhammadfajar27@gmail.com","level":"info","message":"Email reset password berhasil dikirim","resetUrl":"http://localhost:3000/reset-password/6c512e0f5feddfc8f29f85f90c9af374a15aeeea","timestamp":"2025-05-21T13:21:38.751Z"}
{"email":"bagusmuhammadfajar27@gmail.com","level":"info","message":"Permintaan reset password diterima","timestamp":"2025-05-21T13:32:48.720Z"}
{"email":"bagusmuhammadfajar27@gmail.com","level":"info","message":"Token reset password dibuat","resetToken":"af151056da257ecf83f220d757f317ada553cfaa","timestamp":"2025-05-21T13:32:48.845Z"}
{"email":"bagusmuhammadfajar27@gmail.com","level":"info","message":"Email reset password berhasil dikirim","resetUrl":"http://localhost:5173/reset-password/af151056da257ecf83f220d757f317ada553cfaa","timestamp":"2025-05-21T13:32:51.236Z"}
{"email":"bagusmuhammadfajar27@gmail.com","level":"info","message":"Permintaan reset password diterima","timestamp":"2025-05-21T13:34:53.673Z"}
{"email":"bagusmuhammadfajar27@gmail.com","level":"info","message":"Token reset password dibuat","resetToken":"4c442548c91587fdd7000d2865d4027ee530b4e9","timestamp":"2025-05-21T13:34:53.751Z"}
{"email":"bagusmuhammadfajar27@gmail.com","level":"info","message":"Email reset password berhasil dikirim","resetUrl":"http://localhost:5173/reset-password/4c442548c91587fdd7000d2865d4027ee530b4e9","timestamp":"2025-05-21T13:34:56.295Z"}
{"email":"bagusmuhammadfajar27@gmail.com","level":"info","message":"Permintaan reset password diterima","timestamp":"2025-05-21T13:46:55.734Z"}
{"email":"bagusmuhammadfajar27@gmail.com","level":"info","message":"Token reset password dibuat","resetToken":"10c690191eb3558a37f14352ce7251ea49559c69","timestamp":"2025-05-21T13:46:55.832Z","user":"bagus"}
{"email":"bagusmuhammadfajar27@gmail.com","level":"info","message":"Email reset password berhasil dikirim","resetUrl":"http://localhost:5173/reset-password/10c690191eb3558a37f14352ce7251ea49559c69","timestamp":"2025-05-21T13:46:59.094Z"}
{"email":"bagusmuhammadfajar27@gmail.com","level":"info","message":"Permintaan reset password diterima","timestamp":"2025-05-21T13:50:01.324Z"}
{"email":"bagusmuhammadfajar27@gmail.com","level":"info","message":"Token reset password dibuat","resetToken":"9ab5e68ffa2dde42c815bdc2473c4478daf3e4ee","timestamp":"2025-05-21T13:50:01.964Z","user":"bagus"}
{"email":"bagusmuhammadfajar27@gmail.com","level":"info","message":"Email reset password berhasil dikirim","resetUrl":"http://localhost:5173/reset-password/9ab5e68ffa2dde42c815bdc2473c4478daf3e4ee","timestamp":"2025-05-21T13:50:07.176Z"}
{"email":"bagusmuhammadfajar27@gmail.com","level":"info","message":"Permintaan reset password diterima","timestamp":"2025-05-21T13:50:41.612Z"}
{"email":"bagusmuhammadfajar27@gmail.com","level":"info","message":"Token reset password dibuat","resetToken":"af8f05158241d186b622fd90faaa1fa8f5dd7fdc","timestamp":"2025-05-21T13:50:42.369Z","user":"bagus"}
{"email":"bagusmuhammadfajar27@gmail.com","level":"info","message":"Email reset password berhasil dikirim","resetUrl":"http://localhost:5173/reset-password/af8f05158241d186b622fd90faaa1fa8f5dd7fdc","timestamp":"2025-05-21T13:50:48.378Z"}
{"email":"bagusmuhammadfajar27@gmail.com","level":"info","message":"Permintaan reset password diterima","timestamp":"2025-05-21T13:54:34.518Z"}
{"email":"bagusmuhammadfajar27@gmail.com","level":"info","message":"Token reset password dibuat","resetToken":"dc4662849b65c8373ed2be838479293d5e34056d","timestamp":"2025-05-21T13:54:34.831Z","user":"bagus"}
{"email":"bagusmuhammadfajar27@gmail.com","level":"info","message":"Email reset password berhasil dikirim","resetUrl":"http://localhost:5173/reset-password/dc4662849b65c8373ed2be838479293d5e34056d","timestamp":"2025-05-21T13:54:43.503Z"}
{"email":"bagusmuhammadfajar27@gmail.com","level":"info","message":"Permintaan reset password diterima","timestamp":"2025-05-21T13:56:49.746Z"}
{"email":"bagusmuhammadfajar27@gmail.com","level":"info","message":"Token reset password dibuat","resetToken":"b9ae788920360855650dbb02fc9794c3956094c6","timestamp":"2025-05-21T13:56:55.480Z","user":"bagus"}
{"email":"bagusmuhammadfajar27@gmail.com","level":"info","message":"Email reset password berhasil dikirim","resetUrl":"http://localhost:5173/reset-password/b9ae788920360855650dbb02fc9794c3956094c6","timestamp":"2025-05-21T13:57:00.994Z"}
{"email":"bagusmuhammadfajar27@gmail.com","level":"info","message":"Permintaan reset password diterima","timestamp":"2025-05-21T13:57:58.233Z"}
{"email":"bagusmuhammadfajar27@gmail.com","level":"info","message":"Token reset password dibuat","resetToken":"8912c1352b5ca3bc3d704812b6ebbb6ece54fc4e","timestamp":"2025-05-21T13:58:04.253Z","user":"bagus"}
{"email":"bagusmuhammadfajar27@gmail.com","level":"info","message":"Email reset password berhasil dikirim","resetUrl":"http://localhost:5173/reset-password/8912c1352b5ca3bc3d704812b6ebbb6ece54fc4e","timestamp":"2025-05-21T13:58:09.818Z"}
{"email":"bagusmuhammadfajar27@gmail.com","level":"info","message":"Permintaan reset password diterima","timestamp":"2025-05-21T14:27:02.775Z"}
{"email":"bagusmuhammadfajar27@gmail.com","level":"info","message":"Token reset password dibuat","resetToken":"1c8baa166d4023288642a399ae6b3ddab6fd62b6","timestamp":"2025-05-21T14:27:02.866Z","user":"bagus"}
{"email":"bagusmuhammadfajar27@gmail.com","level":"info","message":"Email reset password berhasil dikirim","resetUrl":"http://localhost:5173/reset-password/1c8baa166d4023288642a399ae6b3ddab6fd62b6","timestamp":"2025-05-21T14:27:07.910Z"}
{"level":"info","message":"Password berhasil direset untuk user: bagusmuhammadfajar27@gmail.com","timestamp":"2025-05-21T14:27:38.101Z"}
